TN:
SF:src/EnglishAuction.sol
DA:39,11
FN:39,EnglishAuction.whenStarted
FNDA:11,EnglishAuction.whenStarted
DA:40,11
DA:44,12
FN:44,EnglishAuction._whenStarted
FNDA:12,EnglishAuction._whenStarted
DA:45,12
BRDA:45,0,0,2
BRDA:45,0,1,10
DA:48,17
FN:48,EnglishAuction.constructor
FNDA:17,EnglishAuction.constructor
DA:49,17
BRDA:49,1,0,1
BRDA:49,1,1,16
DA:50,16
DA:51,16
DA:61,14
FN:61,EnglishAuction.start
FNDA:14,EnglishAuction.start
DA:65,14
BRDA:65,2,0,1
BRDA:65,2,1,13
DA:66,13
BRDA:66,3,0,1
BRDA:66,3,1,12
DA:68,12
DA:70,12
DA:72,12
DA:76,11
FN:76,EnglishAuction.bid
FNDA:11,EnglishAuction.bid
DA:77,9
BRDA:77,4,0,1
BRDA:77,4,1,8
DA:78,8
BRDA:78,5,0,1
BRDA:78,5,1,7
DA:80,7
DA:81,7
DA:82,7
DA:84,6
DA:91,1
FN:91,EnglishAuction.cancel
FNDA:1,EnglishAuction.cancel
DA:92,1
DA:93,1
DA:95,1
DA:96,1
DA:98,1
DA:105,3
FN:105,EnglishAuction.finish
FNDA:3,EnglishAuction.finish
DA:106,3
BRDA:106,6,0,1
BRDA:106,6,1,2
DA:108,2
DA:109,2
DA:111,2
DA:113,2
BRDA:113,7,0,2
DA:114,2
DA:117,1
DA:121,9
FN:121,EnglishAuction.getHighestBid
FNDA:9,EnglishAuction.getHighestBid
DA:122,9
DA:126,5
FN:126,EnglishAuction.getAuction
FNDA:5,EnglishAuction.getAuction
DA:127,5
DA:131,1
FN:131,EnglishAuction.getWallet
FNDA:1,EnglishAuction.getWallet
DA:132,1
DA:140,2
FN:140,EnglishAuction.setWallet
FNDA:2,EnglishAuction.setWallet
DA:141,2
DA:143,2
DA:147,8
FN:147,EnglishAuction._returnMoney
FNDA:8,EnglishAuction._returnMoney
DA:148,8
BRDA:148,8,0,3
DA:149,3
DA:154,3
FN:154,EnglishAuction._clearAuction
FNDA:3,EnglishAuction._clearAuction
DA:160,5
FN:160,EnglishAuction._transferMoney
FNDA:5,EnglishAuction._transferMoney
DA:161,5
DA:163,5
BRDA:163,9,0,2
DA:164,2
FNF:14
FNH:14
LF:52
LH:52
BRF:17
BRH:17
end_of_record
TN:
SF:test/EnglishAuction.t.sol
DA:9,1
FN:9,RevertingReceiver.receive.0
FNDA:1,RevertingReceiver.receive.0
DA:10,1
DA:18,1
FN:18,RevertingBidder.constructor
FNDA:1,RevertingBidder.constructor
DA:19,1
DA:22,1
FN:22,RevertingBidder.placeBid
FNDA:1,RevertingBidder.placeBid
DA:23,1
DA:26,1
FN:26,RevertingBidder.receive.1
FNDA:1,RevertingBidder.receive.1
DA:27,1
FNF:4
FNH:4
LF:8
LH:8
BRF:0
BRH:0
end_of_record
