TN:
SF:src/ERC20.sol
DA:36,23
FN:36,ERC20.constructor
FNDA:23,ERC20.constructor
DA:37,23
DA:38,23
DA:89,41
FN:89,ERC20.enoughBalance
FNDA:41,ERC20.enoughBalance
DA:90,41
BRDA:90,0,0,1
BRDA:90,0,1,40
DA:100,14
FN:100,ERC20.enoughAllowance
FNDA:14,ERC20.enoughAllowance
DA:101,14
DA:102,14
BRDA:102,1,0,1
BRDA:102,1,1,13
DA:110,58
FN:110,ERC20.validAddress
FNDA:58,ERC20.validAddress
DA:111,58
BRDA:111,2,0,1
BRDA:111,2,1,39
DA:121,22
FN:121,ERC20.balanceOf
FNDA:22,ERC20.balanceOf
DA:122,22
DA:130,14
FN:130,ERC20.allowance
FNDA:14,ERC20.allowance
DA:131,27
DA:139,5
FN:139,ERC20.transfer
FNDA:5,ERC20.transfer
DA:140,5
DA:141,3
DA:151,14
FN:151,ERC20.transferFrom
FNDA:14,ERC20.transferFrom
DA:152,14
DA:153,13
DA:154,13
DA:162,22
FN:162,ERC20.approve
FNDA:22,ERC20.approve
DA:163,22
DA:164,22
DA:173,35
FN:173,ERC20._approve
FNDA:35,ERC20._approve
DA:178,35
DA:179,35
DA:188,41
FN:188,ERC20._update
FNDA:41,ERC20._update
DA:189,39
BRDA:189,3,0,23
BRDA:189,3,1,16
DA:190,23
DA:195,16
DA:202,39
DA:205,39
DA:214,14
FN:214,ERC20._spendAllowance
FNDA:14,ERC20._spendAllowance
DA:218,13
DA:219,13
BRDA:219,4,0,13
DA:221,13
DA:231,23
FN:231,ERC20._mint
FNDA:23,ERC20._mint
DA:232,23
FNF:13
FNH:13
LF:39
LH:39
BRF:9
BRH:9
end_of_record
TN:
SF:src/EnglishAuction.sol
DA:43,11
FN:43,EnglishAuction.whenStarted
FNDA:11,EnglishAuction.whenStarted
DA:44,11
DA:48,12
FN:48,EnglishAuction._whenStarted
FNDA:12,EnglishAuction._whenStarted
DA:49,12
BRDA:49,0,0,2
BRDA:49,0,1,10
DA:52,20
FN:52,EnglishAuction.constructor
FNDA:20,EnglishAuction.constructor
DA:53,20
BRDA:53,1,0,1
BRDA:53,1,1,19
DA:54,19
DA:55,19
DA:66,17
FN:66,EnglishAuction.start
FNDA:17,EnglishAuction.start
DA:70,17
BRDA:70,2,0,1
BRDA:70,2,1,16
DA:71,16
BRDA:71,3,0,1
BRDA:71,3,1,15
DA:72,15
BRDA:72,4,0,1
BRDA:72,4,1,14
DA:73,14
BRDA:73,5,0,1
BRDA:73,5,1,13
DA:75,13
DA:77,13
DA:79,13
DA:81,13
DA:85,11
FN:85,EnglishAuction.bid
FNDA:11,EnglishAuction.bid
DA:86,9
BRDA:86,6,0,1
BRDA:86,6,1,8
DA:87,8
BRDA:87,7,0,1
BRDA:87,7,1,7
DA:89,7
DA:90,7
DA:91,7
DA:93,6
DA:100,1
FN:100,EnglishAuction.cancel
FNDA:1,EnglishAuction.cancel
DA:101,1
DA:102,1
DA:104,1
DA:105,1
DA:107,1
DA:109,1
DA:116,4
FN:116,EnglishAuction.finish
FNDA:4,EnglishAuction.finish
DA:117,4
BRDA:117,8,0,1
BRDA:117,8,1,3
DA:119,3
DA:120,3
DA:122,3
DA:124,3
BRDA:124,9,0,2
BRDA:124,9,1,1
DA:125,2
DA:126,1
DA:128,1
DA:131,2
DA:135,11
FN:135,EnglishAuction.getHighestBid
FNDA:11,EnglishAuction.getHighestBid
DA:136,11
DA:140,7
FN:140,EnglishAuction.getAuction
FNDA:7,EnglishAuction.getAuction
DA:141,7
DA:145,1
FN:145,EnglishAuction.getWallet
FNDA:1,EnglishAuction.getWallet
DA:146,1
DA:154,2
FN:154,EnglishAuction.setWallet
FNDA:2,EnglishAuction.setWallet
DA:155,2
DA:157,2
DA:161,8
FN:161,EnglishAuction._returnMoney
FNDA:8,EnglishAuction._returnMoney
DA:162,8
BRDA:162,10,0,3
DA:163,3
DA:168,4
FN:168,EnglishAuction._clearAuction
FNDA:4,EnglishAuction._clearAuction
DA:174,5
FN:174,EnglishAuction._transferMoney
FNDA:5,EnglishAuction._transferMoney
DA:175,5
DA:177,5
BRDA:177,11,0,2
DA:178,2
FNF:14
FNH:14
LF:58
LH:58
BRF:22
BRH:22
end_of_record
TN:
SF:test/ERC20.t.sol
DA:8,3
FN:8,SomeToken.constructor
FNDA:3,SomeToken.constructor
DA:9,3
FNF:1
FNH:1
LF:2
LH:2
BRF:0
BRH:0
end_of_record
TN:
SF:test/EnglishAuction.t.sol
DA:11,1
FN:11,RevertingReceiver.receive.0
FNDA:1,RevertingReceiver.receive.0
DA:12,1
DA:20,1
FN:20,RevertingBidder.constructor.0
FNDA:1,RevertingBidder.constructor.0
DA:21,1
DA:24,1
FN:24,RevertingBidder.placeBid
FNDA:1,RevertingBidder.placeBid
DA:25,1
DA:28,1
FN:28,RevertingBidder.receive.1
FNDA:1,RevertingBidder.receive.1
DA:29,1
DA:34,20
FN:34,SomeToken.constructor.1
FNDA:20,SomeToken.constructor.1
DA:35,20
FNF:5
FNH:5
LF:10
LH:10
BRF:0
BRH:0
end_of_record
